<?xml version="1.0" encoding="UTF-8"?>
<!-- Generated by org.testng.reporters.JUnitReportReporter -->
<testsuite skipped="0" hostname="PU-ATHAKUR.local" name="ApiTest" tests="6" failures="0" timestamp="14 Aug 2019 12:17:10 GMT" time="4.476" errors="0">
  <testcase name="getCurrentTemp" time="0.633" classname="ApiTest"/>
  <testcase name="getCurrentTemp" time="1.700" classname="ApiTest"/>
  <testcase name="getMaxHeatIndex" time="0.000" classname="ApiTest"/>
  <testcase name="calculateSD" time="0.001" classname="ApiTest"/>
  <testcase name="getWeatherForecast" time="0.774" classname="ApiTest"/>
  <testcase name="getSuggestion" time="1.368" classname="ApiTest"/>
</testsuite> <!-- ApiTest -->
