<?xml version="1.0" encoding="UTF-8"?>
<!-- Generated by org.testng.reporters.JUnitReportReporter -->
<testsuite skipped="0" hostname="PU-ATHAKUR.local" name="ApiTest" tests="6" failures="0" timestamp="15 Aug 2019 06:32:05 GMT" time="3.266" errors="0">
  <testcase name="getMaxHeatIndex" time="0.000" classname="ApiTest"/>
  <testcase name="getCurrentTemp" time="1.529" classname="ApiTest"/>
  <testcase name="getCurrentTemp" time="0.415" classname="ApiTest"/>
  <testcase name="getWeatherForecast" time="0.591" classname="ApiTest"/>
  <testcase name="calculateSD" time="0.000" classname="ApiTest"/>
  <testcase name="getSuggestion" time="0.731" classname="ApiTest"/>
</testsuite> <!-- ApiTest -->
